This file contains any messages produced by compilers while
running configure, to aid debugging if configure makes a mistake.

It was created by tstapp configure 1.0, which was
generated by GNU Autoconf 2.69.  Invocation command line was

  $ ./configure 

## --------- ##
## Platform. ##
## --------- ##

hostname = tc10
uname -m = x86_64
uname -r = 4.4.0-79-generic
uname -s = Linux
uname -v = #100-Ubuntu SMP Wed May 17 19:58:14 UTC 2017

/usr/bin/uname -p = unknown
/bin/uname -X     = unknown

/bin/arch              = unknown
/usr/bin/arch -k       = unknown
/usr/convex/getsysinfo = unknown
/usr/bin/hostinfo      = unknown
/bin/machine           = unknown
/usr/bin/oslevel       = unknown
/bin/universe          = unknown

PATH: /home/dmytro.lozovyi/bin
PATH: /home/dmytro.lozovyi/.local/bin
PATH: /usr/local/sbin
PATH: /usr/local/bin
PATH: /usr/sbin
PATH: /usr/bin
PATH: /sbin
PATH: /bin
PATH: /usr/games
PATH: /usr/local/games
PATH: /snap/bin
PATH: /home/dmytro.lozovyi/.rvm/bin
PATH: /home/dmytro.lozovyi/.rvm/bin


## ----------- ##
## Core tests. ##
## ----------- ##

configure:1956: checking for a BSD-compatible install
configure:2024: result: /usr/bin/install -c
configure:2035: checking whether build environment is sane
configure:2090: result: yes
configure:2241: checking for a thread-safe mkdir -p
configure:2280: result: /bin/mkdir -p
configure:2287: checking for gawk
configure:2317: result: no
configure:2287: checking for mawk
configure:2303: found /usr/bin/mawk
configure:2314: result: mawk
configure:2325: checking whether make sets $(MAKE)
configure:2347: result: yes
configure:2376: checking whether make supports nested variables
configure:2393: result: yes
configure:2572: checking for gcc
configure:2588: found /usr/bin/gcc
configure:2599: result: gcc
configure:2828: checking for C compiler version
configure:2837: gcc --version >&5
gcc (Ubuntu 5.4.0-6ubuntu1~16.04.4) 5.4.0 20160609
Copyright (C) 2015 Free Software Foundation, Inc.
This is free software; see the source for copying conditions.  There is NO
warranty; not even for MERCHANTABILITY or FITNESS FOR A PARTICULAR PURPOSE.

configure:2848: $? = 0
configure:2837: gcc -v >&5
Using built-in specs.
COLLECT_GCC=gcc
COLLECT_LTO_WRAPPER=/usr/lib/gcc/x86_64-linux-gnu/5/lto-wrapper
Target: x86_64-linux-gnu
Configured with: ../src/configure -v --with-pkgversion='Ubuntu 5.4.0-6ubuntu1~16.04.4' --with-bugurl=file:///usr/share/doc/gcc-5/README.Bugs --enable-languages=c,ada,c++,java,go,d,fortran,objc,obj-c++ --prefix=/usr --program-suffix=-5 --enable-shared --enable-linker-build-id --libexecdir=/usr/lib --without-included-gettext --enable-threads=posix --libdir=/usr/lib --enable-nls --with-sysroot=/ --enable-clocale=gnu --enable-libstdcxx-debug --enable-libstdcxx-time=yes --with-default-libstdcxx-abi=new --enable-gnu-unique-object --disable-vtable-verify --enable-libmpx --enable-plugin --with-system-zlib --disable-browser-plugin --enable-java-awt=gtk --enable-gtk-cairo --with-java-home=/usr/lib/jvm/java-1.5.0-gcj-5-amd64/jre --enable-java-home --with-jvm-root-dir=/usr/lib/jvm/java-1.5.0-gcj-5-amd64 --with-jvm-jar-dir=/usr/lib/jvm-exports/java-1.5.0-gcj-5-amd64 --with-arch-directory=amd64 --with-ecj-jar=/usr/share/java/eclipse-ecj.jar --enable-objc-gc --enable-multiarch --disable-werror --with-arch-32=i686 --with-abi=m64 --with-multilib-list=m32,m64,mx32 --enable-multilib --with-tune=generic --enable-checking=release --build=x86_64-linux-gnu --host=x86_64-linux-gnu --target=x86_64-linux-gnu
Thread model: posix
gcc version 5.4.0 20160609 (Ubuntu 5.4.0-6ubuntu1~16.04.4) 
configure:2848: $? = 0
configure:2837: gcc -V >&5
gcc: error: unrecognized command line option '-V'
gcc: fatal error: no input files
compilation terminated.
configure:2848: $? = 1
configure:2837: gcc -qversion >&5
gcc: error: unrecognized command line option '-qversion'
gcc: fatal error: no input files
compilation terminated.
configure:2848: $? = 1
configure:2868: checking whether the C compiler works
configure:2890: gcc    conftest.c  >&5
configure:2894: $? = 0
configure:2942: result: yes
configure:2945: checking for C compiler default output file name
configure:2947: result: a.out
configure:2953: checking for suffix of executables
configure:2960: gcc -o conftest    conftest.c  >&5
configure:2964: $? = 0
configure:2986: result: 
configure:3008: checking whether we are cross compiling
configure:3016: gcc -o conftest    conftest.c  >&5
configure:3020: $? = 0
configure:3027: ./conftest
configure:3031: $? = 0
configure:3046: result: no
configure:3051: checking for suffix of object files
configure:3073: gcc -c   conftest.c >&5
configure:3077: $? = 0
configure:3098: result: o
configure:3102: checking whether we are using the GNU C compiler
configure:3121: gcc -c   conftest.c >&5
configure:3121: $? = 0
configure:3130: result: yes
configure:3139: checking whether gcc accepts -g
configure:3159: gcc -c -g  conftest.c >&5
configure:3159: $? = 0
configure:3200: result: yes
configure:3217: checking for gcc option to accept ISO C89
configure:3280: gcc  -c -g -O2  conftest.c >&5
configure:3280: $? = 0
configure:3293: result: none needed
configure:3318: checking whether gcc understands -c and -o together
configure:3340: gcc -c conftest.c -o conftest2.o
configure:3343: $? = 0
configure:3340: gcc -c conftest.c -o conftest2.o
configure:3343: $? = 0
configure:3355: result: yes
configure:3383: checking for style of include used by make
configure:3411: result: GNU
configure:3437: checking dependency style of gcc
configure:3548: result: gcc3
configure:3563: checking whether make sets $(MAKE)
configure:3585: result: yes
configure:3599: checking for library containing pow
configure:3630: gcc -o conftest -g -O2   conftest.c  >&5
conftest.c:18:6: warning: conflicting types for built-in function 'pow'
 char pow ();
      ^
/tmp/ccgp4yTz.o: In function `main':
/home/dmytro.lozovyi/Documents/repo/autotools/conftest.c:22: undefined reference to `pow'
collect2: error: ld returned 1 exit status
configure:3630: $? = 1
configure: failed program was:
| /* confdefs.h */
| #define PACKAGE_NAME "tstapp"
| #define PACKAGE_TARNAME "tstapp"
| #define PACKAGE_VERSION "1.0"
| #define PACKAGE_STRING "tstapp 1.0"
| #define PACKAGE_BUGREPORT "RESS"
| #define PACKAGE_URL ""
| #define PACKAGE "tstapp"
| #define VERSION "1.0"
| /* end confdefs.h.  */
| 
| /* Override any GCC internal prototype to avoid an error.
|    Use char because int might match the return type of a GCC
|    builtin and then its argument prototype would still apply.  */
| #ifdef __cplusplus
| extern "C"
| #endif
| char pow ();
| int
| main ()
| {
| return pow ();
|   ;
|   return 0;
| }
configure:3630: gcc -o conftest -g -O2   conftest.c -lm   >&5
conftest.c:18:6: warning: conflicting types for built-in function 'pow'
 char pow ();
      ^
configure:3630: $? = 0
configure:3647: result: -lm
configure:3660: checking for pow
configure:3660: gcc -o conftest -g -O2   conftest.c -lm  >&5
conftest.c:34:6: warning: conflicting types for built-in function 'pow'
 char pow ();
      ^
configure:3660: $? = 0
configure:3660: result: yes
configure:3781: checking that generated files are newer than configure
configure:3787: result: done
configure:3810: creating ./config.status

## ---------------------- ##
## Running config.status. ##
## ---------------------- ##

This file was extended by tstapp config.status 1.0, which was
generated by GNU Autoconf 2.69.  Invocation command line was

  CONFIG_FILES    = 
  CONFIG_HEADERS  = 
  CONFIG_LINKS    = 
  CONFIG_COMMANDS = 
  $ ./config.status 

on tc10

config.status:842: creating Makefile
config.status:842: creating src/Makefile
config.status:842: creating config.h
config.status:1023: config.h is unchanged
config.status:1071: executing depfiles commands

## ---------------- ##
## Cache variables. ##
## ---------------- ##

ac_cv_c_compiler_gnu=yes
ac_cv_env_CC_set=
ac_cv_env_CC_value=
ac_cv_env_CFLAGS_set=
ac_cv_env_CFLAGS_value=
ac_cv_env_CPPFLAGS_set=
ac_cv_env_CPPFLAGS_value=
ac_cv_env_LDFLAGS_set=
ac_cv_env_LDFLAGS_value=
ac_cv_env_LIBS_set=
ac_cv_env_LIBS_value=
ac_cv_env_build_alias_set=
ac_cv_env_build_alias_value=
ac_cv_env_host_alias_set=
ac_cv_env_host_alias_value=
ac_cv_env_target_alias_set=
ac_cv_env_target_alias_value=
ac_cv_func_pow=yes
ac_cv_objext=o
ac_cv_path_install='/usr/bin/install -c'
ac_cv_path_mkdir=/bin/mkdir
ac_cv_prog_AWK=mawk
ac_cv_prog_ac_ct_CC=gcc
ac_cv_prog_cc_c89=
ac_cv_prog_cc_g=yes
ac_cv_prog_make_make_set=yes
ac_cv_search_pow=-lm
am_cv_CC_dependencies_compiler_type=gcc3
am_cv_make_support_nested_variables=yes
am_cv_prog_cc_c_o=yes

## ----------------- ##
## Output variables. ##
## ----------------- ##

ACLOCAL='${SHELL} /home/dmytro.lozovyi/Documents/repo/autotools/missing aclocal-1.15'
AMDEPBACKSLASH='\'
AMDEP_FALSE='#'
AMDEP_TRUE=''
AMTAR='$${TAR-tar}'
AM_BACKSLASH='\'
AM_DEFAULT_V='$(AM_DEFAULT_VERBOSITY)'
AM_DEFAULT_VERBOSITY='1'
AM_V='$(V)'
AUTOCONF='${SHELL} /home/dmytro.lozovyi/Documents/repo/autotools/missing autoconf'
AUTOHEADER='${SHELL} /home/dmytro.lozovyi/Documents/repo/autotools/missing autoheader'
AUTOMAKE='${SHELL} /home/dmytro.lozovyi/Documents/repo/autotools/missing automake-1.15'
AWK='mawk'
CC='gcc'
CCDEPMODE='depmode=gcc3'
CFLAGS='-g -O2'
CPPFLAGS=''
CYGPATH_W='echo'
DEFS='-DHAVE_CONFIG_H'
DEPDIR='.deps'
ECHO_C=''
ECHO_N='-n'
ECHO_T=''
EXEEXT=''
INSTALL_DATA='${INSTALL} -m 644'
INSTALL_PROGRAM='${INSTALL}'
INSTALL_SCRIPT='${INSTALL}'
INSTALL_STRIP_PROGRAM='$(install_sh) -c -s'
LDFLAGS=''
LIBOBJS=''
LIBS='-lm '
LTLIBOBJS=''
MAKEINFO='${SHELL} /home/dmytro.lozovyi/Documents/repo/autotools/missing makeinfo'
MKDIR_P='/bin/mkdir -p'
OBJEXT='o'
PACKAGE='tstapp'
PACKAGE_BUGREPORT='RESS'
PACKAGE_NAME='tstapp'
PACKAGE_STRING='tstapp 1.0'
PACKAGE_TARNAME='tstapp'
PACKAGE_URL=''
PACKAGE_VERSION='1.0'
PATH_SEPARATOR=':'
SET_MAKE=''
SHELL='/bin/sh'
STRIP=''
VERSION='1.0'
ac_ct_CC='gcc'
am__EXEEXT_FALSE=''
am__EXEEXT_TRUE='#'
am__fastdepCC_FALSE='#'
am__fastdepCC_TRUE=''
am__include='include'
am__isrc=''
am__leading_dot='.'
am__nodep='_no'
am__quote=''
am__tar='$${TAR-tar} chof - "$$tardir"'
am__untar='$${TAR-tar} xf -'
bindir='${exec_prefix}/bin'
build_alias=''
datadir='${datarootdir}'
datarootdir='${prefix}/share'
docdir='${datarootdir}/doc/${PACKAGE_TARNAME}'
dvidir='${docdir}'
exec_prefix='${prefix}'
host_alias=''
htmldir='${docdir}'
includedir='${prefix}/include'
infodir='${datarootdir}/info'
install_sh='${SHELL} /home/dmytro.lozovyi/Documents/repo/autotools/install-sh'
libdir='${exec_prefix}/lib'
libexecdir='${exec_prefix}/libexec'
localedir='${datarootdir}/locale'
localstatedir='${prefix}/var'
mandir='${datarootdir}/man'
mkdir_p='$(MKDIR_P)'
oldincludedir='/usr/include'
pdfdir='${docdir}'
prefix='/usr/local'
program_transform_name='s,x,x,'
psdir='${docdir}'
runstatedir='${localstatedir}/run'
sbindir='${exec_prefix}/sbin'
sharedstatedir='${prefix}/com'
sysconfdir='${prefix}/etc'
target_alias=''

## ----------- ##
## confdefs.h. ##
## ----------- ##

/* confdefs.h */
#define PACKAGE_NAME "tstapp"
#define PACKAGE_TARNAME "tstapp"
#define PACKAGE_VERSION "1.0"
#define PACKAGE_STRING "tstapp 1.0"
#define PACKAGE_BUGREPORT "RESS"
#define PACKAGE_URL ""
#define PACKAGE "tstapp"
#define VERSION "1.0"
#define HAVE_POW 1

configure: exit 0

## ---------------------- ##
## Running config.status. ##
## ---------------------- ##

This file was extended by tstapp config.status 1.0, which was
generated by GNU Autoconf 2.69.  Invocation command line was

  CONFIG_FILES    = 
  CONFIG_HEADERS  = 
  CONFIG_LINKS    = 
  CONFIG_COMMANDS = 
  $ ./config.status Makefile

on tc10

config.status:842: creating Makefile
